<?xml version="1.0" encoding="UTF-8"?>
<!-- Generated by org.testng.reporters.JUnitXMLReporter -->
<testsuite ignored="24" hostname="INHYD-GF401B3" failures="1" tests="1" name="Diamond" time="171.955" errors="0" timestamp="2022-06-29T15:33:08 IST">
  <testcase classname="PLLottery.BuyGames" name="Diamond" time="95.137">
    <failure type="org.sikuli.script.FindFailed" message="C:\Users\pdf57170\git\EInstant\EInstant\Rgsimages\PolandGames\zbuyGmaes\diamond\realPlay6.png: (180x69) seen at (716, 601) with 0.81 in R[0,0 1366x768]@S(0)">
      <![CDATA[FindFailed: C:\Users\pdf57170\git\EInstant\EInstant\Rgsimages\PolandGames\zbuyGmaes\diamond\realPlay6.png: (180x69) seen at (716, 601) with 0.81 in R[0,0 1366x768]@S(0)
  Line 2226, in file Region.java

at org.sikuli.script.Region.wait(Region.java:2226)
at org.sikuli.script.Region.wait(Region.java:2244)
at org.sikuli.script.Region.getLocationFromTarget(Region.java:3298)
at org.sikuli.script.Region.click(Region.java:3916)
at org.sikuli.script.Region.click(Region.java:3892)
at PLLottery.BuyGames.Diamond(BuyGames.java:111)
at java.base/java.util.ArrayList.forEach(ArrayList.java:1511)
... Removed 25 stack frames]]>
    </failure>
  </testcase> <!-- Diamond -->
  <testcase classname="PLLottery.BuyGames" name="emotki" time="0.0">
    <ignored/>
  </testcase> <!-- emotki -->
  <testcase classname="PLLottery.BuyGames" name="Egypt" time="0.0">
    <ignored/>
  </testcase> <!-- Egypt -->
  <testcase classname="PLLottery.BuyGames" name="btyskothi" time="0.0">
    <ignored/>
  </testcase> <!-- btyskothi -->
  <testcase classname="PLLottery.BuyGames" name="Skrzynki" time="0.0">
    <ignored/>
  </testcase> <!-- Skrzynki -->
  <testcase classname="PLLottery.BuyGames" name="Siódemki" time="0.0">
    <ignored/>
  </testcase> <!-- Siódemki -->
  <testcase classname="PLLottery.BuyGames" name="Duszki" time="0.0">
    <ignored/>
  </testcase> <!-- Duszki -->
  <testcase classname="PLLottery.BuyGames" name="krzyowki" time="0.0">
    <ignored/>
  </testcase> <!-- krzyowki -->
  <testcase classname="PLLottery.BuyGames" name="Gwiazdki" time="0.0">
    <ignored/>
  </testcase> <!-- Gwiazdki -->
  <testcase classname="PLLottery.BuyGames" name="Kamyki" time="0.0">
    <ignored/>
  </testcase> <!-- Kamyki -->
  <testcase classname="PLLottery.BuyGames" name="Garniec" time="0.0">
    <ignored/>
  </testcase> <!-- Garniec -->
  <testcase classname="PLLottery.BuyGames" name="ChristmasBalls" time="0.0">
    <ignored/>
  </testcase> <!-- ChristmasBalls -->
  <testcase classname="PLLottery.BuyGames" name="gp" time="0.0">
    <ignored/>
  </testcase> <!-- gp -->
  <testcase classname="PLLottery.BuyGames" name="Owocki" time="0.0">
    <ignored/>
  </testcase> <!-- Owocki -->
  <testcase classname="PLLottery.BuyGames" name="monetki" time="0.0">
    <ignored/>
  </testcase> <!-- monetki -->
  <testcase classname="PLLottery.BuyGames" name="Kurki" time="0.0">
    <ignored/>
  </testcase> <!-- Kurki -->
  <testcase classname="PLLottery.BuyGames" name="Cyferki" time="0.0">
    <ignored/>
  </testcase> <!-- Cyferki -->
  <testcase classname="PLLottery.BuyGames" name="znaczki" time="0.0">
    <ignored/>
  </testcase> <!-- znaczki -->
  <testcase classname="PLLottery.BuyGames" name="gorki" time="0.0">
    <ignored/>
  </testcase> <!-- gorki -->
  <testcase classname="PLLottery.BuyGames" name="goldRush" time="0.0">
    <ignored/>
  </testcase> <!-- goldRush -->
  <testcase classname="PLLottery.BuyGames" name="triplePlatinum" time="0.0">
    <ignored/>
  </testcase> <!-- triplePlatinum -->
  <testcase classname="PLLottery.BuyGames" name="Card5" time="0.0">
    <ignored/>
  </testcase> <!-- Card5 -->
  <testcase classname="PLLottery.BuyGames" name="hotPepperPayout" time="0.0">
    <ignored/>
  </testcase> <!-- hotPepperPayout -->
  <testcase classname="PLLottery.BuyGames" name="Totemki" time="0.0">
    <ignored/>
  </testcase> <!-- Totemki -->
  <testcase classname="PLLottery.BuyGames" name="Antyki" time="0.0">
    <ignored/>
  </testcase> <!-- Antyki -->
</testsuite> <!-- Diamond -->
