<?xml version="1.0" encoding="UTF-8"?>
<!-- Generated by org.testng.reporters.JUnitXMLReporter -->
<testsuite ignored="13" hostname="INHYD-GF401B3" failures="0" tests="1" name="goldRush" time="170.491" errors="0" timestamp="2022-06-22T19:56:54 IST">
  <testcase classname="PLLottery.BuyGames" name="goldRush" time="113.17"/>
  <testcase classname="PLLottery.BuyGames" name="emotki" time="0.0">
    <ignored/>
  </testcase> <!-- emotki -->
  <testcase classname="PLLottery.BuyGames" name="Egypt" time="0.0">
    <ignored/>
  </testcase> <!-- Egypt -->
  <testcase classname="PLLottery.BuyGames" name="btyskothi" time="0.0">
    <ignored/>
  </testcase> <!-- btyskothi -->
  <testcase classname="PLLottery.BuyGames" name="Duszki" time="0.0">
    <ignored/>
  </testcase> <!-- Duszki -->
  <testcase classname="PLLottery.BuyGames" name="Diamond" time="0.0">
    <ignored/>
  </testcase> <!-- Diamond -->
  <testcase classname="PLLottery.BuyGames" name="Garniec" time="0.0">
    <ignored/>
  </testcase> <!-- Garniec -->
  <testcase classname="PLLottery.BuyGames" name="ChristmasBalls" time="0.0">
    <ignored/>
  </testcase> <!-- ChristmasBalls -->
  <testcase classname="PLLottery.BuyGames" name="Cyferki" time="0.0">
    <ignored/>
  </testcase> <!-- Cyferki -->
  <testcase classname="PLLottery.BuyGames" name="gorki" time="0.0">
    <ignored/>
  </testcase> <!-- gorki -->
  <testcase classname="PLLottery.BuyGames" name="triplePlatinum" time="0.0">
    <ignored/>
  </testcase> <!-- triplePlatinum -->
  <testcase classname="PLLottery.BuyGames" name="Card5" time="0.0">
    <ignored/>
  </testcase> <!-- Card5 -->
  <testcase classname="PLLottery.BuyGames" name="hotPepperPayout" time="0.0">
    <ignored/>
  </testcase> <!-- hotPepperPayout -->
  <testcase classname="PLLottery.BuyGames" name="Antyki" time="0.0">
    <ignored/>
  </testcase> <!-- Antyki -->
</testsuite> <!-- goldRush -->
