<?xml version="1.0" encoding="UTF-8"?>
<testng-results ignored="13" total="14" passed="1" failed="0" skipped="0">
  <reporter-output>
  </reporter-output>
  <suite started-at="2022-07-29T16:42:16 IST" name="Default suite" finished-at="2022-07-29T16:43:15 IST" duration-ms="59391">
    <groups>
    </groups>
    <test started-at="2022-07-29T16:42:16 IST" name="Default test" finished-at="2022-07-29T16:43:15 IST" duration-ms="59391">
      <class name="LNB.LNBBuygames">
        <test-method is-config="true" signature="beforetest()[pri:0, instance:LNB.LNBBuygames@242b836]" started-at="2022-07-29T16:42:16 IST" name="beforetest" finished-at="2022-07-29T16:42:18 IST" duration-ms="2633" status="PASS">
          <reporter-output>
          </reporter-output>
        </test-method> <!-- beforetest -->
        <test-method signature="Cleopatra()[pri:0, instance:LNB.LNBBuygames@242b836]" started-at="2022-07-29T16:42:18 IST" name="Cleopatra" finished-at="2022-07-29T16:43:15 IST" duration-ms="56387" status="PASS">
          <reporter-output>
          </reporter-output>
        </test-method> <!-- Cleopatra -->
        <test-method is-config="true" signature="aftertest()[pri:0, instance:LNB.LNBBuygames@242b836]" started-at="2022-07-29T16:43:15 IST" name="aftertest" finished-at="2022-07-29T16:43:15 IST" duration-ms="325" status="PASS">
          <reporter-output>
          </reporter-output>
        </test-method> <!-- aftertest -->
      </class> <!-- LNB.LNBBuygames -->
    </test> <!-- Default test -->
  </suite> <!-- Default suite -->
</testng-results>
