<?xml version="1.0" encoding="UTF-8"?>
<!-- Generated by org.testng.reporters.JUnitXMLReporter -->
<testsuite ignored="24" hostname="INHYD-GF401B3" failures="0" tests="1" name="Card5" time="2.884" errors="0" timestamp="2022-06-24T18:32:36 IST">
  <testcase classname="PLLottery.DemoGames" name="@BeforeMethod beforeMethod" time="2.872">
    <failure type="org.openqa.selenium.WebDriverException" message="unknown error: cannot determine loading status
from disconnected: received Inspector.detached event
  (Session info: chrome=102.0.5005.115)
Build info: version: &amp;apos;3.141.59&amp;apos;, revision: &amp;apos;e82be7d358&amp;apos;, time: &amp;apos;2018-11-14T08:17:03&amp;apos;
System info: host: &amp;apos;INHYD-GF401B3&amp;apos;, ip: &amp;apos;192.168.0.113&amp;apos;, os.name: &amp;apos;Windows 10&amp;apos;, os.arch: &amp;apos;amd64&amp;apos;, os.version: &amp;apos;10.0&amp;apos;, java.version: &amp;apos;18.0.1&amp;apos;
Driver info: org.openqa.selenium.chrome.ChromeDriver
Capabilities {acceptInsecureCerts: false, browserName: chrome, browserVersion: 102.0.5005.115, chrome: {chromedriverVersion: 102.0.5005.61 (0e59bcc00cc4..., userDataDir: C:\Users\pdf57170\AppData\L...}, goog:chromeOptions: {debuggerAddress: localhost:58480}, javascriptEnabled: true, networkConnectionEnabled: false, pageLoadStrategy: normal, platform: WINDOWS, platformName: WINDOWS, proxy: Proxy(manual, http=http://h..., setWindowRect: true, strictFileInteractability: false, timeouts: {implicit: 0, pageLoad: 300000, script: 30000}, unhandledPromptBehavior: dismiss and notify, webauthn:extension:credBlob: true, webauthn:extension:largeBlob: true, webauthn:virtualAuthenticators: true}
Session ID: a18c952accc4baa24151acee5c157157">
      <![CDATA[org.openqa.selenium.WebDriverException: unknown error: cannot determine loading status
from disconnected: received Inspector.detached event
  (Session info: chrome=102.0.5005.115)
Build info: version: '3.141.59', revision: 'e82be7d358', time: '2018-11-14T08:17:03'
System info: host: 'INHYD-GF401B3', ip: '192.168.0.113', os.name: 'Windows 10', os.arch: 'amd64', os.version: '10.0', java.version: '18.0.1'
Driver info: org.openqa.selenium.chrome.ChromeDriver
Capabilities {acceptInsecureCerts: false, browserName: chrome, browserVersion: 102.0.5005.115, chrome: {chromedriverVersion: 102.0.5005.61 (0e59bcc00cc4..., userDataDir: C:\Users\pdf57170\AppData\L...}, goog:chromeOptions: {debuggerAddress: localhost:58480}, javascriptEnabled: true, networkConnectionEnabled: false, pageLoadStrategy: normal, platform: WINDOWS, platformName: WINDOWS, proxy: Proxy(manual, http=http://h..., setWindowRect: true, strictFileInteractability: false, timeouts: {implicit: 0, pageLoad: 300000, script: 30000}, unhandledPromptBehavior: dismiss and notify, webauthn:extension:credBlob: true, webauthn:extension:largeBlob: true, webauthn:virtualAuthenticators: true}
Session ID: a18c952accc4baa24151acee5c157157
at org.openqa.selenium.remote.http.W3CHttpResponseCodec.createException(W3CHttpResponseCodec.java:187)
at org.openqa.selenium.remote.http.W3CHttpResponseCodec.decode(W3CHttpResponseCodec.java:122)
at org.openqa.selenium.remote.http.W3CHttpResponseCodec.decode(W3CHttpResponseCodec.java:49)
at org.openqa.selenium.remote.HttpCommandExecutor.execute(HttpCommandExecutor.java:158)
at org.openqa.selenium.remote.service.DriverCommandExecutor.execute(DriverCommandExecutor.java:83)
at org.openqa.selenium.remote.RemoteWebDriver.execute(RemoteWebDriver.java:552)
at org.openqa.selenium.remote.RemoteWebDriver.get(RemoteWebDriver.java:277)
at PLLottery.DemoGames.beforeMethod(DemoGames.java:55)
at java.base/java.util.ArrayList.forEach(ArrayList.java:1511)
... Removed 32 stack frames]]>
    </failure>
  </testcase> <!-- @BeforeMethod beforeMethod -->
  <testcase classname="PLLottery.DemoGames" name="@AfterMethod afterMethod" time="-1.656075756486E9">
    <skipped/>
  </testcase> <!-- @AfterMethod afterMethod -->
  <testcase classname="PLLottery.DemoGames" name="Card5" time="0.0">
    <skipped/>
  </testcase> <!-- Card5 -->
  <testcase classname="PLLottery.DemoGames" name="Owocki" time="0.0">
    <ignored/>
  </testcase> <!-- Owocki -->
  <testcase classname="PLLottery.DemoGames" name="gorki" time="0.0">
    <ignored/>
  </testcase> <!-- gorki -->
  <testcase classname="PLLottery.DemoGames" name="Kurki" time="0.0">
    <ignored/>
  </testcase> <!-- Kurki -->
  <testcase classname="PLLottery.DemoGames" name="Cyferki" time="0.0">
    <ignored/>
  </testcase> <!-- Cyferki -->
  <testcase classname="PLLottery.DemoGames" name="znaczki" time="0.0">
    <ignored/>
  </testcase> <!-- znaczki -->
  <testcase classname="PLLottery.DemoGames" name="monetki" time="0.0">
    <ignored/>
  </testcase> <!-- monetki -->
  <testcase classname="PLLottery.DemoGames" name="triplePlatinum" time="0.0">
    <ignored/>
  </testcase> <!-- triplePlatinum -->
  <testcase classname="PLLottery.DemoGames" name="krzyowki" time="0.0">
    <ignored/>
  </testcase> <!-- krzyowki -->
  <testcase classname="PLLottery.DemoGames" name="Antyki" time="0.0">
    <ignored/>
  </testcase> <!-- Antyki -->
  <testcase classname="PLLottery.DemoGames" name="Siódemki" time="0.0">
    <ignored/>
  </testcase> <!-- Siódemki -->
  <testcase classname="PLLottery.DemoGames" name="goldRush" time="0.0">
    <ignored/>
  </testcase> <!-- goldRush -->
  <testcase classname="PLLottery.DemoGames" name="Totemki" time="0.0">
    <ignored/>
  </testcase> <!-- Totemki -->
  <testcase classname="PLLottery.DemoGames" name="Kamyki" time="0.0">
    <ignored/>
  </testcase> <!-- Kamyki -->
  <testcase classname="PLLottery.DemoGames" name="Gwiazdki" time="0.0">
    <ignored/>
  </testcase> <!-- Gwiazdki -->
  <testcase classname="PLLottery.DemoGames" name="Egypt" time="0.0">
    <ignored/>
  </testcase> <!-- Egypt -->
  <testcase classname="PLLottery.DemoGames" name="Skrzynki" time="0.0">
    <ignored/>
  </testcase> <!-- Skrzynki -->
  <testcase classname="PLLottery.DemoGames" name="emotki" time="0.0">
    <ignored/>
  </testcase> <!-- emotki -->
  <testcase classname="PLLottery.DemoGames" name="Duszki" time="0.0">
    <ignored/>
  </testcase> <!-- Duszki -->
  <testcase classname="PLLottery.DemoGames" name="redPepperHot" time="0.0">
    <ignored/>
  </testcase> <!-- redPepperHot -->
  <testcase classname="PLLottery.DemoGames" name="Garniec" time="0.0">
    <ignored/>
  </testcase> <!-- Garniec -->
  <testcase classname="PLLottery.DemoGames" name="gp" time="0.0">
    <ignored/>
  </testcase> <!-- gp -->
  <testcase classname="PLLottery.DemoGames" name="btyskothi" time="0.0">
    <ignored/>
  </testcase> <!-- btyskothi -->
  <testcase classname="PLLottery.DemoGames" name="ChristmasBalls" time="0.0">
    <ignored/>
  </testcase> <!-- ChristmasBalls -->
  <testcase classname="PLLottery.DemoGames" name="Diamond" time="0.0">
    <ignored/>
  </testcase> <!-- Diamond -->
</testsuite> <!-- Card5 -->
