<?xml version="1.0" encoding="UTF-8"?>
<!-- Generated by org.testng.reporters.JUnitXMLReporter -->
<testsuite ignored="13" hostname="INHYD-GF401B3" failures="1" tests="1" name="Egypt" time="76.861" errors="0" timestamp="2022-06-23T11:34:26 IST">
  <testcase classname="PLLottery.DemoGames" name="Egypt" time="11.491">
    <failure type="org.openqa.selenium.ElementClickInterceptedException" message="element click intercepted: Element &amp;lt;img src=&amp;quot;https://staging.devlotto.pl/storage/files/2022/1/18/30847b64-353f-45b1-9fc4-728d61cd6e94/LaunchIcon-EgyptFort.png?p=&amp;quot; alt=&amp;quot;Skarb Faraona&amp;quot; loading=&amp;quot;lazy&amp;quot;&amp;gt; is not clickable at point (1172, 426). Other element would receive the click: &amp;lt;div id=&amp;quot;zowieCallToAction&amp;quot; style=&amp;quot;bottom: 95px; right: 25px; opacity: 1;&amp;quot;&amp;gt;...&amp;lt;/div&amp;gt;
  (Session info: MicrosoftEdge=102.0.1245.44)
Build info: version: &amp;apos;3.141.59&amp;apos;, revision: &amp;apos;e82be7d358&amp;apos;, time: &amp;apos;2018-11-14T08:17:03&amp;apos;
System info: host: &amp;apos;INHYD-GF401B3&amp;apos;, ip: &amp;apos;192.168.0.113&amp;apos;, os.name: &amp;apos;Windows 10&amp;apos;, os.arch: &amp;apos;amd64&amp;apos;, os.version: &amp;apos;10.0&amp;apos;, java.version: &amp;apos;18.0.1&amp;apos;
Driver info: org.openqa.selenium.edge.EdgeDriver
Capabilities {acceptInsecureCerts: false, browserName: msedge, browserVersion: 102.0.1245.44, javascriptEnabled: true, ms:edgeOptions: {debuggerAddress: localhost:59350}, msedge: {msedgedriverVersion: 102.0.1245.44 (72efbf98e0b4..., userDataDir: C:\Users\pdf57170\AppData\L...}, networkConnectionEnabled: false, pageLoadStrategy: normal, platform: WINDOWS, platformName: WINDOWS, proxy: Proxy(manual, http= http://..., setWindowRect: true, strictFileInteractability: false, timeouts: {implicit: 0, pageLoad: 300000, script: 30000}, unhandledPromptBehavior: dismiss and notify, webauthn:extension:credBlob: true, webauthn:extension:largeBlob: true, webauthn:virtualAuthenticators: true}
Session ID: e9ef01ad3be48dd84a3c1d01d023ca06">
      <![CDATA[org.openqa.selenium.ElementClickInterceptedException: element click intercepted: Element <img src="https://staging.devlotto.pl/storage/files/2022/1/18/30847b64-353f-45b1-9fc4-728d61cd6e94/LaunchIcon-EgyptFort.png?p=" alt="Skarb Faraona" loading="lazy"> is not clickable at point (1172, 426). Other element would receive the click: <div id="zowieCallToAction" style="bottom: 95px; right: 25px; opacity: 1;">...</div>
  (Session info: MicrosoftEdge=102.0.1245.44)
Build info: version: '3.141.59', revision: 'e82be7d358', time: '2018-11-14T08:17:03'
System info: host: 'INHYD-GF401B3', ip: '192.168.0.113', os.name: 'Windows 10', os.arch: 'amd64', os.version: '10.0', java.version: '18.0.1'
Driver info: org.openqa.selenium.edge.EdgeDriver
Capabilities {acceptInsecureCerts: false, browserName: msedge, browserVersion: 102.0.1245.44, javascriptEnabled: true, ms:edgeOptions: {debuggerAddress: localhost:59350}, msedge: {msedgedriverVersion: 102.0.1245.44 (72efbf98e0b4..., userDataDir: C:\Users\pdf57170\AppData\L...}, networkConnectionEnabled: false, pageLoadStrategy: normal, platform: WINDOWS, platformName: WINDOWS, proxy: Proxy(manual, http= http://..., setWindowRect: true, strictFileInteractability: false, timeouts: {implicit: 0, pageLoad: 300000, script: 30000}, unhandledPromptBehavior: dismiss and notify, webauthn:extension:credBlob: true, webauthn:extension:largeBlob: true, webauthn:virtualAuthenticators: true}
Session ID: e9ef01ad3be48dd84a3c1d01d023ca06
at org.openqa.selenium.remote.http.W3CHttpResponseCodec.createException(W3CHttpResponseCodec.java:187)
at org.openqa.selenium.remote.http.W3CHttpResponseCodec.decode(W3CHttpResponseCodec.java:122)
at org.openqa.selenium.remote.http.W3CHttpResponseCodec.decode(W3CHttpResponseCodec.java:49)
at org.openqa.selenium.remote.HttpCommandExecutor.execute(HttpCommandExecutor.java:158)
at org.openqa.selenium.remote.service.DriverCommandExecutor.execute(DriverCommandExecutor.java:83)
at org.openqa.selenium.remote.RemoteWebDriver.execute(RemoteWebDriver.java:552)
at org.openqa.selenium.remote.RemoteWebElement.execute(RemoteWebElement.java:285)
at org.openqa.selenium.remote.RemoteWebElement.click(RemoteWebElement.java:84)
at PLLottery.DemoGames.Egypt(DemoGames.java:128)
at java.base/java.util.ArrayList.forEach(ArrayList.java:1511)
... Removed 28 stack frames]]>
    </failure>
  </testcase> <!-- Egypt -->
  <testcase classname="PLLottery.DemoGames" name="gorki" time="0.0">
    <ignored/>
  </testcase> <!-- gorki -->
  <testcase classname="PLLottery.DemoGames" name="Card5" time="0.0">
    <ignored/>
  </testcase> <!-- Card5 -->
  <testcase classname="PLLottery.DemoGames" name="Cyferki" time="0.0">
    <ignored/>
  </testcase> <!-- Cyferki -->
  <testcase classname="PLLottery.DemoGames" name="triplePlatinum" time="0.0">
    <ignored/>
  </testcase> <!-- triplePlatinum -->
  <testcase classname="PLLottery.DemoGames" name="Antyki" time="0.0">
    <ignored/>
  </testcase> <!-- Antyki -->
  <testcase classname="PLLottery.DemoGames" name="goldRush" time="0.0">
    <ignored/>
  </testcase> <!-- goldRush -->
  <testcase classname="PLLottery.DemoGames" name="emotki" time="0.0">
    <ignored/>
  </testcase> <!-- emotki -->
  <testcase classname="PLLottery.DemoGames" name="Duszki" time="0.0">
    <ignored/>
  </testcase> <!-- Duszki -->
  <testcase classname="PLLottery.DemoGames" name="redPepperHot" time="0.0">
    <ignored/>
  </testcase> <!-- redPepperHot -->
  <testcase classname="PLLottery.DemoGames" name="Garniec" time="0.0">
    <ignored/>
  </testcase> <!-- Garniec -->
  <testcase classname="PLLottery.DemoGames" name="btyskothi" time="0.0">
    <ignored/>
  </testcase> <!-- btyskothi -->
  <testcase classname="PLLottery.DemoGames" name="ChristmasBalls" time="0.0">
    <ignored/>
  </testcase> <!-- ChristmasBalls -->
  <testcase classname="PLLottery.DemoGames" name="Diamond" time="0.0">
    <ignored/>
  </testcase> <!-- Diamond -->
</testsuite> <!-- Egypt -->
