<?xml version="1.0" encoding="UTF-8"?>
<!-- Generated by org.testng.reporters.JUnitXMLReporter -->
<testsuite ignored="13" hostname="INHYD-GF401B3" failures="0" tests="1" name="goldRush" time="181.736" errors="0" timestamp="2022-06-23T11:40:55 IST">
  <testcase classname="PLLottery.DemoGames" name="goldRush" time="115.044"/>
  <testcase classname="PLLottery.DemoGames" name="gorki" time="0.0">
    <ignored/>
  </testcase> <!-- gorki -->
  <testcase classname="PLLottery.DemoGames" name="Card5" time="0.0">
    <ignored/>
  </testcase> <!-- Card5 -->
  <testcase classname="PLLottery.DemoGames" name="Cyferki" time="0.0">
    <ignored/>
  </testcase> <!-- Cyferki -->
  <testcase classname="PLLottery.DemoGames" name="triplePlatinum" time="0.0">
    <ignored/>
  </testcase> <!-- triplePlatinum -->
  <testcase classname="PLLottery.DemoGames" name="Antyki" time="0.0">
    <ignored/>
  </testcase> <!-- Antyki -->
  <testcase classname="PLLottery.DemoGames" name="Egypt" time="0.0">
    <ignored/>
  </testcase> <!-- Egypt -->
  <testcase classname="PLLottery.DemoGames" name="emotki" time="0.0">
    <ignored/>
  </testcase> <!-- emotki -->
  <testcase classname="PLLottery.DemoGames" name="Duszki" time="0.0">
    <ignored/>
  </testcase> <!-- Duszki -->
  <testcase classname="PLLottery.DemoGames" name="redPepperHot" time="0.0">
    <ignored/>
  </testcase> <!-- redPepperHot -->
  <testcase classname="PLLottery.DemoGames" name="Garniec" time="0.0">
    <ignored/>
  </testcase> <!-- Garniec -->
  <testcase classname="PLLottery.DemoGames" name="btyskothi" time="0.0">
    <ignored/>
  </testcase> <!-- btyskothi -->
  <testcase classname="PLLottery.DemoGames" name="ChristmasBalls" time="0.0">
    <ignored/>
  </testcase> <!-- ChristmasBalls -->
  <testcase classname="PLLottery.DemoGames" name="Diamond" time="0.0">
    <ignored/>
  </testcase> <!-- Diamond -->
</testsuite> <!-- goldRush -->
