<?xml version="1.0" encoding="UTF-8"?>
<testng-results ignored="0" total="1" passed="1" failed="0" skipped="0">
  <reporter-output>
  </reporter-output>
  <suite started-at="2022-06-27T11:42:51 IST" name="Default suite" finished-at="2022-06-27T11:45:15 IST" duration-ms="144644">
    <groups>
    </groups>
    <test started-at="2022-06-27T11:42:51 IST" name="Default test" finished-at="2022-06-27T11:45:15 IST" duration-ms="144644">
      <class name="MockNativeSystem.example">
        <test-method is-config="true" signature="BeforeTest()[pri:0, instance:MockNativeSystem.example@1aa7ecca]" started-at="2022-06-27T11:42:51 IST" name="BeforeTest" finished-at="2022-06-27T11:44:04 IST" duration-ms="72813" status="PASS">
          <reporter-output>
          </reporter-output>
        </test-method> <!-- BeforeTest -->
        <test-method signature="Ruby()[pri:0, instance:MockNativeSystem.example@1aa7ecca]" started-at="2022-06-27T11:44:04 IST" name="Ruby" finished-at="2022-06-27T11:45:15 IST" duration-ms="71796" status="PASS">
          <reporter-output>
          </reporter-output>
        </test-method> <!-- Ruby -->
      </class> <!-- MockNativeSystem.example -->
    </test> <!-- Default test -->
  </suite> <!-- Default suite -->
</testng-results>
