<?xml version="1.0" encoding="UTF-8"?>
<!-- Generated by org.testng.reporters.JUnitXMLReporter -->
<testsuite ignored="3" hostname="HCLL202116" failures="0" tests="1" name="Default test" time="54.295" errors="0" timestamp="2022-07-21T19:29:12 IST">
  <testcase classname="LNB.LNBBuygames" name="RainbowLoot" time="50.412"/>
  <testcase classname="LNB.LNBBuygames" name="juciyloot" time="0.0">
    <ignored/>
  </testcase> <!-- juciyloot -->
  <testcase classname="LNB.LNBBuygames" name="TikiTacToe" time="0.0">
    <ignored/>
  </testcase> <!-- TikiTacToe -->
  <testcase classname="LNB.LNBBuygames" name="WheelOfTheFortune" time="0.0">
    <ignored/>
  </testcase> <!-- WheelOfTheFortune -->
</testsuite> <!-- Default test -->
